CRITICAL - 2024-02-22 05:54:14 --> ErrorException: include(C:\xampp-third\htdocs\coevo\app\../Views/templates/header.php): Failed to open stream: No such file or directory
in APPPATH\Views\katalog.php on line 2.
 1 APPPATH\Views\katalog.php(2): CodeIgniter\Debug\Exceptions->errorHandler(2, 'include(C:\\xampp-third\\htdocs\\coevo\\app\\../Views/templates/header.php): Failed to open stream: No such file or directory', 'C:\\xampp-third\\htdocs\\coevo\\app\\Views\\katalog.php', 2)
 2 APPPATH\Views\katalog.php(2): include()
 3 SYSTEMPATH\View\View.php(228): include('C:\\xampp-third\\htdocs\\coevo\\app\\Views\\katalog.php')
 4 SYSTEMPATH\View\View.php(231): CodeIgniter\View\View->CodeIgniter\View\{closure}()
 5 SYSTEMPATH\Common.php(1178): CodeIgniter\View\View->render('katalog', [], true)
 6 APPPATH\Controllers\Home.php(37): view('katalog')
 7 SYSTEMPATH\CodeIgniter.php(941): App\Controllers\Home->katalog()
 8 SYSTEMPATH\CodeIgniter.php(502): CodeIgniter\CodeIgniter->runController(Object(App\Controllers\Home))
 9 SYSTEMPATH\CodeIgniter.php(361): CodeIgniter\CodeIgniter->handleRequest(null, Object(Config\Cache), false)
10 FCPATH\index.php(79): CodeIgniter\CodeIgniter->run()
11 SYSTEMPATH\Commands\Server\rewrite.php(47): require_once('C:\\xampp-third\\htdocs\\coevo\\public\\index.php')
CRITICAL - 2024-02-22 06:00:26 --> CodeIgniter\View\Exceptions\ViewException: Invalid file: "katalog.php"
in SYSTEMPATH\Exceptions\FrameworkException.php on line 39.
 1 SYSTEMPATH\View\View.php(216): CodeIgniter\Exceptions\FrameworkException::forInvalidFile('katalog.php')
 2 SYSTEMPATH\Common.php(1178): CodeIgniter\View\View->render('katalog', [], true)
 3 APPPATH\Controllers\Home.php(37): view('katalog')
 4 SYSTEMPATH\CodeIgniter.php(941): App\Controllers\Home->katalog()
 5 SYSTEMPATH\CodeIgniter.php(502): CodeIgniter\CodeIgniter->runController(Object(App\Controllers\Home))
 6 SYSTEMPATH\CodeIgniter.php(361): CodeIgniter\CodeIgniter->handleRequest(null, Object(Config\Cache), false)
 7 FCPATH\index.php(79): CodeIgniter\CodeIgniter->run()
 8 SYSTEMPATH\Commands\Server\rewrite.php(47): require_once('C:\\xampp-third\\htdocs\\coevo\\public\\index.php')
CRITICAL - 2024-02-22 06:00:58 --> ErrorException: include(C:\xampp-third\htdocs\coevo\app\../Views/templates/header.php): Failed to open stream: No such file or directory
in APPPATH\Views\produk\katalog.php on line 2.
 1 APPPATH\Views\produk\katalog.php(2): CodeIgniter\Debug\Exceptions->errorHandler(2, 'include(C:\\xampp-third\\htdocs\\coevo\\app\\../Views/templates/header.php): Failed to open stream: No such file or directory', 'C:\\xampp-third\\htdocs\\coevo\\app\\Views\\produk\\katalog.php', 2)
 2 APPPATH\Views\produk\katalog.php(2): include()
 3 SYSTEMPATH\View\View.php(228): include('C:\\xampp-third\\htdocs\\coevo\\app\\Views\\produk\\katalog.php')
 4 SYSTEMPATH\View\View.php(231): CodeIgniter\View\View->CodeIgniter\View\{closure}()
 5 SYSTEMPATH\Common.php(1178): CodeIgniter\View\View->render('produk/katalog', [], true)
 6 APPPATH\Controllers\Home.php(37): view('produk/katalog')
 7 SYSTEMPATH\CodeIgniter.php(941): App\Controllers\Home->katalog()
 8 SYSTEMPATH\CodeIgniter.php(502): CodeIgniter\CodeIgniter->runController(Object(App\Controllers\Home))
 9 SYSTEMPATH\CodeIgniter.php(361): CodeIgniter\CodeIgniter->handleRequest(null, Object(Config\Cache), false)
10 FCPATH\index.php(79): CodeIgniter\CodeIgniter->run()
11 SYSTEMPATH\Commands\Server\rewrite.php(47): require_once('C:\\xampp-third\\htdocs\\coevo\\public\\index.php')
CRITICAL - 2024-02-22 06:11:49 --> ErrorException: include(C:\xampp-third\htdocs\coevo\app\../templates/header.php): Failed to open stream: No such file or directory
in APPPATH\Views\produk\katalog.php on line 2.
 1 APPPATH\Views\produk\katalog.php(2): CodeIgniter\Debug\Exceptions->errorHandler(2, 'include(C:\\xampp-third\\htdocs\\coevo\\app\\../templates/header.php): Failed to open stream: No such file or directory', 'C:\\xampp-third\\htdocs\\coevo\\app\\Views\\produk\\katalog.php', 2)
 2 APPPATH\Views\produk\katalog.php(2): include()
 3 SYSTEMPATH\View\View.php(228): include('C:\\xampp-third\\htdocs\\coevo\\app\\Views\\produk\\katalog.php')
 4 SYSTEMPATH\View\View.php(231): CodeIgniter\View\View->CodeIgniter\View\{closure}()
 5 SYSTEMPATH\Common.php(1178): CodeIgniter\View\View->render('produk/katalog', [], true)
 6 APPPATH\Controllers\Produk.php(9): view('produk/katalog')
 7 SYSTEMPATH\CodeIgniter.php(941): App\Controllers\Produk->katalog()
 8 SYSTEMPATH\CodeIgniter.php(502): CodeIgniter\CodeIgniter->runController(Object(App\Controllers\Produk))
 9 SYSTEMPATH\CodeIgniter.php(361): CodeIgniter\CodeIgniter->handleRequest(null, Object(Config\Cache), false)
10 FCPATH\index.php(79): CodeIgniter\CodeIgniter->run()
11 SYSTEMPATH\Commands\Server\rewrite.php(47): require_once('C:\\xampp-third\\htdocs\\coevo\\public\\index.php')
CRITICAL - 2024-02-22 06:11:52 --> ErrorException: include(C:\xampp-third\htdocs\coevo\app\/templates/header.php): Failed to open stream: No such file or directory
in APPPATH\Views\produk\katalog.php on line 2.
 1 APPPATH\Views\produk\katalog.php(2): CodeIgniter\Debug\Exceptions->errorHandler(2, 'include(C:\\xampp-third\\htdocs\\coevo\\app\\/templates/header.php): Failed to open stream: No such file or directory', 'C:\\xampp-third\\htdocs\\coevo\\app\\Views\\produk\\katalog.php', 2)
 2 APPPATH\Views\produk\katalog.php(2): include()
 3 SYSTEMPATH\View\View.php(228): include('C:\\xampp-third\\htdocs\\coevo\\app\\Views\\produk\\katalog.php')
 4 SYSTEMPATH\View\View.php(231): CodeIgniter\View\View->CodeIgniter\View\{closure}()
 5 SYSTEMPATH\Common.php(1178): CodeIgniter\View\View->render('produk/katalog', [], true)
 6 APPPATH\Controllers\Produk.php(9): view('produk/katalog')
 7 SYSTEMPATH\CodeIgniter.php(941): App\Controllers\Produk->katalog()
 8 SYSTEMPATH\CodeIgniter.php(502): CodeIgniter\CodeIgniter->runController(Object(App\Controllers\Produk))
 9 SYSTEMPATH\CodeIgniter.php(361): CodeIgniter\CodeIgniter->handleRequest(null, Object(Config\Cache), false)
10 FCPATH\index.php(79): CodeIgniter\CodeIgniter->run()
11 SYSTEMPATH\Commands\Server\rewrite.php(47): require_once('C:\\xampp-third\\htdocs\\coevo\\public\\index.php')
CRITICAL - 2024-02-22 06:11:56 --> ErrorException: include(C:\xampp-third\htdocs\coevo\app\templates/header.php): Failed to open stream: No such file or directory
in APPPATH\Views\produk\katalog.php on line 2.
 1 APPPATH\Views\produk\katalog.php(2): CodeIgniter\Debug\Exceptions->errorHandler(2, 'include(C:\\xampp-third\\htdocs\\coevo\\app\\templates/header.php): Failed to open stream: No such file or directory', 'C:\\xampp-third\\htdocs\\coevo\\app\\Views\\produk\\katalog.php', 2)
 2 APPPATH\Views\produk\katalog.php(2): include()
 3 SYSTEMPATH\View\View.php(228): include('C:\\xampp-third\\htdocs\\coevo\\app\\Views\\produk\\katalog.php')
 4 SYSTEMPATH\View\View.php(231): CodeIgniter\View\View->CodeIgniter\View\{closure}()
 5 SYSTEMPATH\Common.php(1178): CodeIgniter\View\View->render('produk/katalog', [], true)
 6 APPPATH\Controllers\Produk.php(9): view('produk/katalog')
 7 SYSTEMPATH\CodeIgniter.php(941): App\Controllers\Produk->katalog()
 8 SYSTEMPATH\CodeIgniter.php(502): CodeIgniter\CodeIgniter->runController(Object(App\Controllers\Produk))
 9 SYSTEMPATH\CodeIgniter.php(361): CodeIgniter\CodeIgniter->handleRequest(null, Object(Config\Cache), false)
10 FCPATH\index.php(79): CodeIgniter\CodeIgniter->run()
11 SYSTEMPATH\Commands\Server\rewrite.php(47): require_once('C:\\xampp-third\\htdocs\\coevo\\public\\index.php')
CRITICAL - 2024-02-22 06:12:01 --> ErrorException: include(templates/header.php): Failed to open stream: No such file or directory
in APPPATH\Views\produk\katalog.php on line 2.
 1 APPPATH\Views\produk\katalog.php(2): CodeIgniter\Debug\Exceptions->errorHandler(2, 'include(templates/header.php): Failed to open stream: No such file or directory', 'C:\\xampp-third\\htdocs\\coevo\\app\\Views\\produk\\katalog.php', 2)
 2 APPPATH\Views\produk\katalog.php(2): include()
 3 SYSTEMPATH\View\View.php(228): include('C:\\xampp-third\\htdocs\\coevo\\app\\Views\\produk\\katalog.php')
 4 SYSTEMPATH\View\View.php(231): CodeIgniter\View\View->CodeIgniter\View\{closure}()
 5 SYSTEMPATH\Common.php(1178): CodeIgniter\View\View->render('produk/katalog', [], true)
 6 APPPATH\Controllers\Produk.php(9): view('produk/katalog')
 7 SYSTEMPATH\CodeIgniter.php(941): App\Controllers\Produk->katalog()
 8 SYSTEMPATH\CodeIgniter.php(502): CodeIgniter\CodeIgniter->runController(Object(App\Controllers\Produk))
 9 SYSTEMPATH\CodeIgniter.php(361): CodeIgniter\CodeIgniter->handleRequest(null, Object(Config\Cache), false)
10 FCPATH\index.php(79): CodeIgniter\CodeIgniter->run()
11 SYSTEMPATH\Commands\Server\rewrite.php(47): require_once('C:\\xampp-third\\htdocs\\coevo\\public\\index.php')
CRITICAL - 2024-02-22 06:12:19 --> ErrorException: include(./templates/header.php): Failed to open stream: No such file or directory
in APPPATH\Views\produk\katalog.php on line 2.
 1 APPPATH\Views\produk\katalog.php(2): CodeIgniter\Debug\Exceptions->errorHandler(2, 'include(./templates/header.php): Failed to open stream: No such file or directory', 'C:\\xampp-third\\htdocs\\coevo\\app\\Views\\produk\\katalog.php', 2)
 2 APPPATH\Views\produk\katalog.php(2): include()
 3 SYSTEMPATH\View\View.php(228): include('C:\\xampp-third\\htdocs\\coevo\\app\\Views\\produk\\katalog.php')
 4 SYSTEMPATH\View\View.php(231): CodeIgniter\View\View->CodeIgniter\View\{closure}()
 5 SYSTEMPATH\Common.php(1178): CodeIgniter\View\View->render('produk/katalog', [], true)
 6 APPPATH\Controllers\Produk.php(9): view('produk/katalog')
 7 SYSTEMPATH\CodeIgniter.php(941): App\Controllers\Produk->katalog()
 8 SYSTEMPATH\CodeIgniter.php(502): CodeIgniter\CodeIgniter->runController(Object(App\Controllers\Produk))
 9 SYSTEMPATH\CodeIgniter.php(361): CodeIgniter\CodeIgniter->handleRequest(null, Object(Config\Cache), false)
10 FCPATH\index.php(79): CodeIgniter\CodeIgniter->run()
11 SYSTEMPATH\Commands\Server\rewrite.php(47): require_once('C:\\xampp-third\\htdocs\\coevo\\public\\index.php')
CRITICAL - 2024-02-22 06:12:28 --> ErrorException: include(../templates/header.php): Failed to open stream: No such file or directory
in APPPATH\Views\produk\katalog.php on line 2.
 1 APPPATH\Views\produk\katalog.php(2): CodeIgniter\Debug\Exceptions->errorHandler(2, 'include(../templates/header.php): Failed to open stream: No such file or directory', 'C:\\xampp-third\\htdocs\\coevo\\app\\Views\\produk\\katalog.php', 2)
 2 APPPATH\Views\produk\katalog.php(2): include()
 3 SYSTEMPATH\View\View.php(228): include('C:\\xampp-third\\htdocs\\coevo\\app\\Views\\produk\\katalog.php')
 4 SYSTEMPATH\View\View.php(231): CodeIgniter\View\View->CodeIgniter\View\{closure}()
 5 SYSTEMPATH\Common.php(1178): CodeIgniter\View\View->render('produk/katalog', [], true)
 6 APPPATH\Controllers\Produk.php(9): view('produk/katalog')
 7 SYSTEMPATH\CodeIgniter.php(941): App\Controllers\Produk->katalog()
 8 SYSTEMPATH\CodeIgniter.php(502): CodeIgniter\CodeIgniter->runController(Object(App\Controllers\Produk))
 9 SYSTEMPATH\CodeIgniter.php(361): CodeIgniter\CodeIgniter->handleRequest(null, Object(Config\Cache), false)
10 FCPATH\index.php(79): CodeIgniter\CodeIgniter->run()
11 SYSTEMPATH\Commands\Server\rewrite.php(47): require_once('C:\\xampp-third\\htdocs\\coevo\\public\\index.php')
CRITICAL - 2024-02-22 06:14:08 --> ErrorException: include(C:\xampp-third\htdocs\coevo\app\templates/header.php): Failed to open stream: No such file or directory
in APPPATH\Views\produk\katalog.php on line 2.
 1 APPPATH\Views\produk\katalog.php(2): CodeIgniter\Debug\Exceptions->errorHandler(2, 'include(C:\\xampp-third\\htdocs\\coevo\\app\\templates/header.php): Failed to open stream: No such file or directory', 'C:\\xampp-third\\htdocs\\coevo\\app\\Views\\produk\\katalog.php', 2)
 2 APPPATH\Views\produk\katalog.php(2): include()
 3 SYSTEMPATH\View\View.php(228): include('C:\\xampp-third\\htdocs\\coevo\\app\\Views\\produk\\katalog.php')
 4 SYSTEMPATH\View\View.php(231): CodeIgniter\View\View->CodeIgniter\View\{closure}()
 5 SYSTEMPATH\Common.php(1178): CodeIgniter\View\View->render('produk/katalog', [], true)
 6 APPPATH\Controllers\Produk.php(9): view('produk/katalog')
 7 SYSTEMPATH\CodeIgniter.php(941): App\Controllers\Produk->katalog()
 8 SYSTEMPATH\CodeIgniter.php(502): CodeIgniter\CodeIgniter->runController(Object(App\Controllers\Produk))
 9 SYSTEMPATH\CodeIgniter.php(361): CodeIgniter\CodeIgniter->handleRequest(null, Object(Config\Cache), false)
10 FCPATH\index.php(79): CodeIgniter\CodeIgniter->run()
11 SYSTEMPATH\Commands\Server\rewrite.php(47): require_once('C:\\xampp-third\\htdocs\\coevo\\public\\index.php')
